
> calculator-hub@0.1.0 build
> next build

   ▲ Next.js 15.5.2

   Creating an optimized production build ...
   Using tsconfig file: ./tsconfig.json
 ✓ Compiled successfully in 4.1s
   Linting and checking validity of types ...
   Collecting page data ...
   Generating static pages (0/704) ...
✅ Loaded mortgage-calculator from registry (real implementation)
✅ Loaded tax-calculator from registry (real implementation)
✅ Loaded compound-interest from registry (real implementation)
✅ Loaded bmi-calculator from registry (real implementation)
✅ Loaded calorie-calculator from registry (real implementation)
✅ Loaded body-fat-calculator from registry (real implementation)
✅ Loaded pregnancy-calculator from registry (real implementation)
✅ Loaded water-intake-calculator from registry (real implementation)
✅ Loaded gpa-calculator from registry (real implementation)
✅ Loaded percentage-calculator from registry (real implementation)
✅ Loaded scientific-calculator from registry (real implementation)
✅ Loaded statistics-calculator from registry (real implementation)
✅ Loaded grade-needed-calculator from registry (real implementation)
✅ Loaded ohms-law-calculator from registry (real implementation)
✅ Loaded age-calculator from registry (real implementation)
✅ Loaded length-converter from registry (real implementation)
✅ Loaded break-even-calculator from registry (real implementation)
✅ Loaded roi-calculator from registry (real implementation)
✅ Loaded love-calculator from registry (real implementation)
✅ Loaded lucky-number from registry (real implementation)
✅ Loaded birthday-calculator from registry (real implementation)
✅ Loaded personality-test from registry (real implementation)
✅ Loaded loan-calculator from registry (real implementation)
✅ Loaded loan-calculator from registry (real implementation)
✅ Loaded mortgage-calculator from registry (real implementation)
✅ Loaded tax-calculator from registry (real implementation)
✅ Loaded compound-interest from registry (real implementation)
✅ Loaded bmi-calculator from registry (real implementation)
✅ Loaded calorie-calculator from registry (real implementation)
✅ Loaded body-fat-calculator from registry (real implementation)
✅ Loaded pregnancy-calculator from registry (real implementation)
✅ Loaded water-intake-calculator from registry (real implementation)
✅ Loaded gpa-calculator from registry (real implementation)
✅ Loaded percentage-calculator from registry (real implementation)
✅ Loaded scientific-calculator from registry (real implementation)
✅ Loaded statistics-calculator from registry (real implementation)
✅ Loaded grade-needed-calculator from registry (real implementation)
✅ Loaded ohms-law-calculator from registry (real implementation)
✅ Loaded age-calculator from registry (real implementation)
✅ Loaded length-converter from registry (real implementation)
✅ Loaded break-even-calculator from registry (real implementation)
✅ Loaded roi-calculator from registry (real implementation)
✅ Loaded love-calculator from registry (real implementation)
✅ Loaded lucky-number from registry (real implementation)
✅ Loaded birthday-calculator from registry (real implementation)
✅ Loaded personality-test from registry (real implementation)
   Generating static pages (176/704) 
   Generating static pages (352/704) 
   Generating static pages (528/704) 
 ✓ Generating static pages (704/704)
   Finalizing page optimization ...
   Collecting build traces ...

Route (app)                                  Size  First Load JS
┌ ○ /                                     5.45 kB         107 kB
├ ○ /_not-found                             992 B         103 kB
├ ● /[locale]                              1.9 kB         134 kB
├   ├ /en
├   ├ /es
├   ├ /pt
├   └ [+14 more paths]
├ ● /[locale]/about                         138 B         102 kB
├   ├ /en/about
├   ├ /es/about
├   ├ /pt/about
├   └ [+14 more paths]
├ ● /[locale]/calculator/[slug]           6.06 kB         111 kB
├   ├ /en/calculator/loan-calculator
├   ├ /en/calculator/mortgage-calculator
├   ├ /en/calculator/tax-calculator
├   └ [+388 more paths]
├ ● /[locale]/category/[category]           173 B         133 kB
├   ├ /en/category/math
├   ├ /en/category/finance
├   ├ /en/category/health
├   └ [+218 more paths]
├ ● /[locale]/contact                       138 B         102 kB
├   ├ /en/contact
├   ├ /es/contact
├   ├ /pt/contact
├   └ [+14 more paths]
├ ● /[locale]/privacy                       138 B         102 kB
├   ├ /en/privacy
├   ├ /es/privacy
├   ├ /pt/privacy
├   └ [+14 more paths]
├ ● /[locale]/terms                         138 B         102 kB
├   ├ /en/terms
├   ├ /es/terms
├   ├ /pt/terms
├   └ [+14 more paths]
├ ○ /robots.txt                             138 B         102 kB
└ ○ /sitemap.xml                            138 B         102 kB
+ First Load JS shared by all              102 kB
  ├ chunks/255-aad41205a3563def.js        45.8 kB
  ├ chunks/4bd1b696-c023c6e3521b1417.js   54.2 kB
  └ other shared chunks (total)           1.92 kB


ƒ Middleware                              34.1 kB

○  (Static)  prerendered as static content
●  (SSG)     prerendered as static HTML (uses generateStaticParams)

